Determining if the pthread_create exist failed with the following output:
Change Dir: /home/roy/roblearning_ws/build/ur_driver/CMakeFiles/CMakeTmp

Run Build Command:"/usr/bin/make" "cmTC_76cbe/fast"
/usr/bin/make -f CMakeFiles/cmTC_76cbe.dir/build.make CMakeFiles/cmTC_76cbe.dir/build
make[1]: Entering directory '/home/roy/roblearning_ws/build/ur_driver/CMakeFiles/CMakeTmp'
Building C object CMakeFiles/cmTC_76cbe.dir/CheckSymbolExists.c.o
/usr/bin/cc    -o CMakeFiles/cmTC_76cbe.dir/CheckSymbolExists.c.o   -c /home/roy/roblearning_ws/build/ur_driver/CMakeFiles/CMakeTmp/CheckSymbolExists.c
Linking C executable cmTC_76cbe
/usr/bin/cmake -E cmake_link_script CMakeFiles/cmTC_76cbe.dir/link.txt --verbose=1
/usr/bin/cc      -rdynamic CMakeFiles/cmTC_76cbe.dir/CheckSymbolExists.c.o  -o cmTC_76cbe 
CMakeFiles/cmTC_76cbe.dir/CheckSymbolExists.c.o: In function `main':
CheckSymbolExists.c:(.text+0x1b): undefined reference to `pthread_create'
collect2: error: ld returned 1 exit status
CMakeFiles/cmTC_76cbe.dir/build.make:97: recipe for target 'cmTC_76cbe' failed
make[1]: *** [cmTC_76cbe] Error 1
make[1]: Leaving directory '/home/roy/roblearning_ws/build/ur_driver/CMakeFiles/CMakeTmp'
Makefile:126: recipe for target 'cmTC_76cbe/fast' failed
make: *** [cmTC_76cbe/fast] Error 2

File /home/roy/roblearning_ws/build/ur_driver/CMakeFiles/CMakeTmp/CheckSymbolExists.c:
/* */
#include <pthread.h>

int main(int argc, char** argv)
{
  (void)argv;
#ifndef pthread_create
  return ((int*)(&pthread_create))[argc];
#else
  (void)argc;
  return 0;
#endif
}

Determining if the function pthread_create exists in the pthreads failed with the following output:
Change Dir: /home/roy/roblearning_ws/build/ur_driver/CMakeFiles/CMakeTmp

Run Build Command:"/usr/bin/make" "cmTC_6de5c/fast"
/usr/bin/make -f CMakeFiles/cmTC_6de5c.dir/build.make CMakeFiles/cmTC_6de5c.dir/build
make[1]: Entering directory '/home/roy/roblearning_ws/build/ur_driver/CMakeFiles/CMakeTmp'
Building C object CMakeFiles/cmTC_6de5c.dir/CheckFunctionExists.c.o
/usr/bin/cc   -DCHECK_FUNCTION_EXISTS=pthread_create   -o CMakeFiles/cmTC_6de5c.dir/CheckFunctionExists.c.o   -c /usr/share/cmake-3.10/Modules/CheckFunctionExists.c
Linking C executable cmTC_6de5c
/usr/bin/cmake -E cmake_link_script CMakeFiles/cmTC_6de5c.dir/link.txt --verbose=1
/usr/bin/cc  -DCHECK_FUNCTION_EXISTS=pthread_create    -rdynamic CMakeFiles/cmTC_6de5c.dir/CheckFunctionExists.c.o  -o cmTC_6de5c -lpthreads 
/usr/bin/ld: cannot find -lpthreads
collect2: error: ld returned 1 exit status
CMakeFiles/cmTC_6de5c.dir/build.make:97: recipe for target 'cmTC_6de5c' failed
make[1]: *** [cmTC_6de5c] Error 1
make[1]: Leaving directory '/home/roy/roblearning_ws/build/ur_driver/CMakeFiles/CMakeTmp'
Makefile:126: recipe for target 'cmTC_6de5c/fast' failed
make: *** [cmTC_6de5c/fast] Error 2


