Determining if the pthread_create exist failed with the following output:
Change Dir: /home/roy/roblearning_ws/build/movement_ur/CMakeFiles/CMakeTmp

Run Build Command:"/usr/bin/make" "cmTC_1439a/fast"
/usr/bin/make -f CMakeFiles/cmTC_1439a.dir/build.make CMakeFiles/cmTC_1439a.dir/build
make[1]: Entering directory '/home/roy/roblearning_ws/build/movement_ur/CMakeFiles/CMakeTmp'
Building C object CMakeFiles/cmTC_1439a.dir/CheckSymbolExists.c.o
/usr/bin/cc    -o CMakeFiles/cmTC_1439a.dir/CheckSymbolExists.c.o   -c /home/roy/roblearning_ws/build/movement_ur/CMakeFiles/CMakeTmp/CheckSymbolExists.c
Linking C executable cmTC_1439a
/usr/bin/cmake -E cmake_link_script CMakeFiles/cmTC_1439a.dir/link.txt --verbose=1
/usr/bin/cc      -rdynamic CMakeFiles/cmTC_1439a.dir/CheckSymbolExists.c.o  -o cmTC_1439a 
CMakeFiles/cmTC_1439a.dir/CheckSymbolExists.c.o: In function `main':
CheckSymbolExists.c:(.text+0x1b): undefined reference to `pthread_create'
collect2: error: ld returned 1 exit status
CMakeFiles/cmTC_1439a.dir/build.make:97: recipe for target 'cmTC_1439a' failed
make[1]: *** [cmTC_1439a] Error 1
make[1]: Leaving directory '/home/roy/roblearning_ws/build/movement_ur/CMakeFiles/CMakeTmp'
Makefile:126: recipe for target 'cmTC_1439a/fast' failed
make: *** [cmTC_1439a/fast] Error 2

File /home/roy/roblearning_ws/build/movement_ur/CMakeFiles/CMakeTmp/CheckSymbolExists.c:
/* */
#include <pthread.h>

int main(int argc, char** argv)
{
  (void)argv;
#ifndef pthread_create
  return ((int*)(&pthread_create))[argc];
#else
  (void)argc;
  return 0;
#endif
}

Determining if the function pthread_create exists in the pthreads failed with the following output:
Change Dir: /home/roy/roblearning_ws/build/movement_ur/CMakeFiles/CMakeTmp

Run Build Command:"/usr/bin/make" "cmTC_cc240/fast"
/usr/bin/make -f CMakeFiles/cmTC_cc240.dir/build.make CMakeFiles/cmTC_cc240.dir/build
make[1]: Entering directory '/home/roy/roblearning_ws/build/movement_ur/CMakeFiles/CMakeTmp'
Building C object CMakeFiles/cmTC_cc240.dir/CheckFunctionExists.c.o
/usr/bin/cc   -DCHECK_FUNCTION_EXISTS=pthread_create   -o CMakeFiles/cmTC_cc240.dir/CheckFunctionExists.c.o   -c /usr/share/cmake-3.10/Modules/CheckFunctionExists.c
Linking C executable cmTC_cc240
/usr/bin/cmake -E cmake_link_script CMakeFiles/cmTC_cc240.dir/link.txt --verbose=1
/usr/bin/cc  -DCHECK_FUNCTION_EXISTS=pthread_create    -rdynamic CMakeFiles/cmTC_cc240.dir/CheckFunctionExists.c.o  -o cmTC_cc240 -lpthreads 
/usr/bin/ld: cannot find -lpthreads
collect2: error: ld returned 1 exit status
CMakeFiles/cmTC_cc240.dir/build.make:97: recipe for target 'cmTC_cc240' failed
make[1]: *** [cmTC_cc240] Error 1
make[1]: Leaving directory '/home/roy/roblearning_ws/build/movement_ur/CMakeFiles/CMakeTmp'
Makefile:126: recipe for target 'cmTC_cc240/fast' failed
make: *** [cmTC_cc240/fast] Error 2


