Determining if the pthread_create exist failed with the following output:
Change Dir: /home/roy/roblearning_ws/build/ur3_robot/CMakeFiles/CMakeTmp

Run Build Command:"/usr/bin/make" "cmTC_fdcfc/fast"
/usr/bin/make -f CMakeFiles/cmTC_fdcfc.dir/build.make CMakeFiles/cmTC_fdcfc.dir/build
make[1]: Entering directory '/home/roy/roblearning_ws/build/ur3_robot/CMakeFiles/CMakeTmp'
Building C object CMakeFiles/cmTC_fdcfc.dir/CheckSymbolExists.c.o
/usr/bin/cc    -o CMakeFiles/cmTC_fdcfc.dir/CheckSymbolExists.c.o   -c /home/roy/roblearning_ws/build/ur3_robot/CMakeFiles/CMakeTmp/CheckSymbolExists.c
Linking C executable cmTC_fdcfc
/usr/bin/cmake -E cmake_link_script CMakeFiles/cmTC_fdcfc.dir/link.txt --verbose=1
/usr/bin/cc      -rdynamic CMakeFiles/cmTC_fdcfc.dir/CheckSymbolExists.c.o  -o cmTC_fdcfc 
CMakeFiles/cmTC_fdcfc.dir/CheckSymbolExists.c.o: In function `main':
CheckSymbolExists.c:(.text+0x1b): undefined reference to `pthread_create'
collect2: error: ld returned 1 exit status
CMakeFiles/cmTC_fdcfc.dir/build.make:97: recipe for target 'cmTC_fdcfc' failed
make[1]: *** [cmTC_fdcfc] Error 1
make[1]: Leaving directory '/home/roy/roblearning_ws/build/ur3_robot/CMakeFiles/CMakeTmp'
Makefile:126: recipe for target 'cmTC_fdcfc/fast' failed
make: *** [cmTC_fdcfc/fast] Error 2

File /home/roy/roblearning_ws/build/ur3_robot/CMakeFiles/CMakeTmp/CheckSymbolExists.c:
/* */
#include <pthread.h>

int main(int argc, char** argv)
{
  (void)argv;
#ifndef pthread_create
  return ((int*)(&pthread_create))[argc];
#else
  (void)argc;
  return 0;
#endif
}

Determining if the function pthread_create exists in the pthreads failed with the following output:
Change Dir: /home/roy/roblearning_ws/build/ur3_robot/CMakeFiles/CMakeTmp

Run Build Command:"/usr/bin/make" "cmTC_9b594/fast"
/usr/bin/make -f CMakeFiles/cmTC_9b594.dir/build.make CMakeFiles/cmTC_9b594.dir/build
make[1]: Entering directory '/home/roy/roblearning_ws/build/ur3_robot/CMakeFiles/CMakeTmp'
Building C object CMakeFiles/cmTC_9b594.dir/CheckFunctionExists.c.o
/usr/bin/cc   -DCHECK_FUNCTION_EXISTS=pthread_create   -o CMakeFiles/cmTC_9b594.dir/CheckFunctionExists.c.o   -c /usr/share/cmake-3.10/Modules/CheckFunctionExists.c
Linking C executable cmTC_9b594
/usr/bin/cmake -E cmake_link_script CMakeFiles/cmTC_9b594.dir/link.txt --verbose=1
/usr/bin/cc  -DCHECK_FUNCTION_EXISTS=pthread_create    -rdynamic CMakeFiles/cmTC_9b594.dir/CheckFunctionExists.c.o  -o cmTC_9b594 -lpthreads 
/usr/bin/ld: cannot find -lpthreads
collect2: error: ld returned 1 exit status
CMakeFiles/cmTC_9b594.dir/build.make:97: recipe for target 'cmTC_9b594' failed
make[1]: *** [cmTC_9b594] Error 1
make[1]: Leaving directory '/home/roy/roblearning_ws/build/ur3_robot/CMakeFiles/CMakeTmp'
Makefile:126: recipe for target 'cmTC_9b594/fast' failed
make: *** [cmTC_9b594/fast] Error 2


